2010-12-26 17:36:23 Notice: Notice (1024): Please change the value of 'Security.salt' in app/config/core.php to a salt value specific to your application in [/Users/Jonathan/workspace/jonathansilva.maranata/public_html/cake/libs/debugger.php, line 684]
2010-12-26 17:36:23 Notice: Notice (1024): Please change the value of 'Security.cipherSeed' in app/config/core.php to a numeric (digits only) seed value specific to your application in [/Users/Jonathan/workspace/jonathansilva.maranata/public_html/cake/libs/debugger.php, line 688]
2010-12-26 17:36:26 Notice: Notice (1024): Please change the value of 'Security.salt' in app/config/core.php to a salt value specific to your application in [/Users/Jonathan/workspace/jonathansilva.maranata/public_html/cake/libs/debugger.php, line 684]
2010-12-26 17:36:26 Notice: Notice (1024): Please change the value of 'Security.cipherSeed' in app/config/core.php to a numeric (digits only) seed value specific to your application in [/Users/Jonathan/workspace/jonathansilva.maranata/public_html/cake/libs/debugger.php, line 688]
2010-12-26 17:36:27 Notice: Notice (1024): Please change the value of 'Security.salt' in app/config/core.php to a salt value specific to your application in [/Users/Jonathan/workspace/jonathansilva.maranata/public_html/cake/libs/debugger.php, line 684]
2010-12-26 17:36:27 Notice: Notice (1024): Please change the value of 'Security.cipherSeed' in app/config/core.php to a numeric (digits only) seed value specific to your application in [/Users/Jonathan/workspace/jonathansilva.maranata/public_html/cake/libs/debugger.php, line 688]
2010-12-26 17:38:36 Notice: Notice (1024): Please change the value of 'Security.salt' in app/config/core.php to a salt value specific to your application in [/Users/Jonathan/workspace/jonathansilva.maranata/public_html/cake/libs/debugger.php, line 684]
2010-12-26 17:38:36 Notice: Notice (1024): Please change the value of 'Security.cipherSeed' in app/config/core.php to a numeric (digits only) seed value specific to your application in [/Users/Jonathan/workspace/jonathansilva.maranata/public_html/cake/libs/debugger.php, line 688]
2010-12-26 17:43:01 Notice: Notice (1024): Please change the value of 'Security.salt' in app/config/core.php to a salt value specific to your application in [/Users/Jonathan/workspace/jonathansilva.maranata/public_html/cake/libs/debugger.php, line 684]
2010-12-26 17:43:01 Notice: Notice (1024): Please change the value of 'Security.cipherSeed' in app/config/core.php to a numeric (digits only) seed value specific to your application in [/Users/Jonathan/workspace/jonathansilva.maranata/public_html/cake/libs/debugger.php, line 688]
2010-12-26 17:43:02 Notice: Notice (1024): Please change the value of 'Security.salt' in app/config/core.php to a salt value specific to your application in [/Users/Jonathan/workspace/jonathansilva.maranata/public_html/cake/libs/debugger.php, line 684]
2010-12-26 17:43:02 Notice: Notice (1024): Please change the value of 'Security.cipherSeed' in app/config/core.php to a numeric (digits only) seed value specific to your application in [/Users/Jonathan/workspace/jonathansilva.maranata/public_html/cake/libs/debugger.php, line 688]
2010-12-26 17:43:03 Notice: Notice (1024): Please change the value of 'Security.salt' in app/config/core.php to a salt value specific to your application in [/Users/Jonathan/workspace/jonathansilva.maranata/public_html/cake/libs/debugger.php, line 684]
2010-12-26 17:43:03 Notice: Notice (1024): Please change the value of 'Security.cipherSeed' in app/config/core.php to a numeric (digits only) seed value specific to your application in [/Users/Jonathan/workspace/jonathansilva.maranata/public_html/cake/libs/debugger.php, line 688]
2010-12-26 17:43:03 Notice: Notice (1024): Please change the value of 'Security.salt' in app/config/core.php to a salt value specific to your application in [/Users/Jonathan/workspace/jonathansilva.maranata/public_html/cake/libs/debugger.php, line 684]
2010-12-26 17:43:03 Notice: Notice (1024): Please change the value of 'Security.cipherSeed' in app/config/core.php to a numeric (digits only) seed value specific to your application in [/Users/Jonathan/workspace/jonathansilva.maranata/public_html/cake/libs/debugger.php, line 688]
2010-12-26 17:44:39 Notice: Notice (1024): Please change the value of 'Security.salt' in app/config/core.php to a salt value specific to your application in [/Users/Jonathan/workspace/jonathansilva.maranata/public_html/cake/libs/debugger.php, line 684]
2010-12-26 17:44:39 Notice: Notice (1024): Please change the value of 'Security.cipherSeed' in app/config/core.php to a numeric (digits only) seed value specific to your application in [/Users/Jonathan/workspace/jonathansilva.maranata/public_html/cake/libs/debugger.php, line 688]
2010-12-26 17:44:40 Notice: Notice (1024): Please change the value of 'Security.salt' in app/config/core.php to a salt value specific to your application in [/Users/Jonathan/workspace/jonathansilva.maranata/public_html/cake/libs/debugger.php, line 684]
2010-12-26 17:44:40 Notice: Notice (1024): Please change the value of 'Security.cipherSeed' in app/config/core.php to a numeric (digits only) seed value specific to your application in [/Users/Jonathan/workspace/jonathansilva.maranata/public_html/cake/libs/debugger.php, line 688]
2010-12-26 17:45:56 Notice: Notice (1024): Please change the value of 'Security.salt' in app/config/core.php to a salt value specific to your application in [/Users/Jonathan/workspace/jonathansilva.maranata/public_html/cake/libs/debugger.php, line 684]
2010-12-26 17:45:56 Notice: Notice (1024): Please change the value of 'Security.cipherSeed' in app/config/core.php to a numeric (digits only) seed value specific to your application in [/Users/Jonathan/workspace/jonathansilva.maranata/public_html/cake/libs/debugger.php, line 688]
2010-12-26 17:45:57 Notice: Notice (1024): Please change the value of 'Security.salt' in app/config/core.php to a salt value specific to your application in [/Users/Jonathan/workspace/jonathansilva.maranata/public_html/cake/libs/debugger.php, line 684]
2010-12-26 17:45:57 Notice: Notice (1024): Please change the value of 'Security.cipherSeed' in app/config/core.php to a numeric (digits only) seed value specific to your application in [/Users/Jonathan/workspace/jonathansilva.maranata/public_html/cake/libs/debugger.php, line 688]
2010-12-26 17:45:58 Notice: Notice (1024): Please change the value of 'Security.salt' in app/config/core.php to a salt value specific to your application in [/Users/Jonathan/workspace/jonathansilva.maranata/public_html/cake/libs/debugger.php, line 684]
2010-12-26 17:45:58 Notice: Notice (1024): Please change the value of 'Security.cipherSeed' in app/config/core.php to a numeric (digits only) seed value specific to your application in [/Users/Jonathan/workspace/jonathansilva.maranata/public_html/cake/libs/debugger.php, line 688]
2010-12-26 17:56:28 Notice: Notice (1024): Please change the value of 'Security.cipherSeed' in app/config/core.php to a numeric (digits only) seed value specific to your application in [/Users/Jonathan/workspace/jonathansilva.maranata/public_html/cake/libs/debugger.php, line 688]
2010-12-26 18:42:09 Notice: Notice (8): Undefined index: database in [/Users/Jonathan/workspace/jonathansilva.maranata/public_html/cake/libs/model/datasources/datasource.php, line 235]
2010-12-26 18:52:34 Notice: Notice (8): Undefined index: action in [/Users/Jonathan/workspace/jonathansilva.maranata/public_html/cake/dispatcher.php, line 269]
2010-12-26 18:52:34 Notice: Notice (8): Undefined index: controller in [/Users/Jonathan/workspace/jonathansilva.maranata/public_html/cake/dispatcher.php, line 121]
2010-12-26 18:52:52 Notice: Notice (8): Undefined index: action in [/Users/Jonathan/workspace/jonathansilva.maranata/public_html/cake/dispatcher.php, line 269]
2010-12-26 18:52:52 Notice: Notice (8): Undefined index: controller in [/Users/Jonathan/workspace/jonathansilva.maranata/public_html/cake/dispatcher.php, line 121]
2010-12-26 18:52:53 Notice: Notice (8): Undefined index: action in [/Users/Jonathan/workspace/jonathansilva.maranata/public_html/cake/dispatcher.php, line 269]
2010-12-26 18:52:53 Notice: Notice (8): Undefined index: controller in [/Users/Jonathan/workspace/jonathansilva.maranata/public_html/cake/dispatcher.php, line 121]
2010-12-26 22:57:32 Notice: Notice (8): Undefined variable: html in [/Users/Jonathan/workspace/jonathansilva.maranata/public_html/app/app_controller.php, line 7]
2010-12-26 22:57:46 Notice: Notice (8): Undefined variable: html in [/Users/Jonathan/workspace/jonathansilva.maranata/public_html/app/app_controller.php, line 7]
2010-12-26 22:57:48 Notice: Notice (8): Undefined variable: html in [/Users/Jonathan/workspace/jonathansilva.maranata/public_html/app/app_controller.php, line 7]
2010-12-26 22:58:13 Notice: Notice (8): Undefined variable: html in [/Users/Jonathan/workspace/jonathansilva.maranata/public_html/app/app_controller.php, line 7]
2010-12-26 22:58:14 Notice: Notice (8): Undefined variable: html in [/Users/Jonathan/workspace/jonathansilva.maranata/public_html/app/app_controller.php, line 7]
2010-12-26 22:59:34 Notice: Notice (8): Undefined property: SoonController::$html in [/Users/Jonathan/workspace/jonathansilva.maranata/public_html/app/app_controller.php, line 7]
2010-12-26 22:59:35 Notice: Notice (8): Undefined property: SoonController::$html in [/Users/Jonathan/workspace/jonathansilva.maranata/public_html/app/app_controller.php, line 7]
2010-12-26 22:59:35 Notice: Notice (8): Undefined property: SoonController::$html in [/Users/Jonathan/workspace/jonathansilva.maranata/public_html/app/app_controller.php, line 7]
2010-12-26 22:59:35 Notice: Notice (8): Undefined property: SoonController::$html in [/Users/Jonathan/workspace/jonathansilva.maranata/public_html/app/app_controller.php, line 7]
2010-12-26 23:00:05 Notice: Notice (8): Undefined variable: html in [/Users/Jonathan/workspace/jonathansilva.maranata/public_html/app/app_controller.php, line 7]
2010-12-26 23:01:48 Notice: Notice (8): Undefined variable: html in [/Users/Jonathan/workspace/jonathansilva.maranata/public_html/app/app_controller.php, line 7]
2010-12-26 23:01:49 Notice: Notice (8): Undefined variable: html in [/Users/Jonathan/workspace/jonathansilva.maranata/public_html/app/app_controller.php, line 7]
2010-12-26 23:01:49 Notice: Notice (8): Undefined variable: html in [/Users/Jonathan/workspace/jonathansilva.maranata/public_html/app/app_controller.php, line 7]
2010-12-26 23:01:49 Notice: Notice (8): Undefined variable: html in [/Users/Jonathan/workspace/jonathansilva.maranata/public_html/app/app_controller.php, line 7]
2010-12-26 23:01:49 Notice: Notice (8): Undefined variable: html in [/Users/Jonathan/workspace/jonathansilva.maranata/public_html/app/app_controller.php, line 7]
2010-12-26 23:01:49 Notice: Notice (8): Undefined variable: html in [/Users/Jonathan/workspace/jonathansilva.maranata/public_html/app/app_controller.php, line 7]
2010-12-26 23:01:50 Notice: Notice (8): Undefined variable: html in [/Users/Jonathan/workspace/jonathansilva.maranata/public_html/app/app_controller.php, line 7]
2010-12-26 23:01:50 Notice: Notice (8): Undefined variable: html in [/Users/Jonathan/workspace/jonathansilva.maranata/public_html/app/app_controller.php, line 7]
2010-12-26 23:02:04 Notice: Notice (8): Undefined variable: asset in [/Users/Jonathan/workspace/jonathansilva.maranata/public_html/app/views/layouts/default.ctp, line 6]
2010-12-26 23:02:05 Notice: Notice (8): Undefined variable: asset in [/Users/Jonathan/workspace/jonathansilva.maranata/public_html/app/views/layouts/default.ctp, line 6]
2010-12-26 23:02:05 Notice: Notice (8): Undefined variable: asset in [/Users/Jonathan/workspace/jonathansilva.maranata/public_html/app/views/layouts/default.ctp, line 6]
2010-12-26 23:02:06 Notice: Notice (8): Undefined variable: asset in [/Users/Jonathan/workspace/jonathansilva.maranata/public_html/app/views/layouts/default.ctp, line 6]
2010-12-26 23:02:06 Notice: Notice (8): Undefined variable: asset in [/Users/Jonathan/workspace/jonathansilva.maranata/public_html/app/views/layouts/default.ctp, line 6]
2010-12-26 23:02:06 Notice: Notice (8): Undefined variable: asset in [/Users/Jonathan/workspace/jonathansilva.maranata/public_html/app/views/layouts/default.ctp, line 6]
2010-12-26 23:02:07 Notice: Notice (8): Undefined variable: asset in [/Users/Jonathan/workspace/jonathansilva.maranata/public_html/app/views/layouts/default.ctp, line 6]
2010-12-26 23:08:22 Notice: Notice (8): Undefined variable: html in [/Users/Jonathan/workspace/jonathansilva.maranata/public_html/app/controllers/soon_controller.php, line 13]
2010-12-26 23:08:52 Notice: Notice (8): Undefined variable: html in [/Users/Jonathan/workspace/jonathansilva.maranata/public_html/app/controllers/soon_controller.php, line 13]
2010-12-26 23:08:53 Notice: Notice (8): Undefined variable: html in [/Users/Jonathan/workspace/jonathansilva.maranata/public_html/app/controllers/soon_controller.php, line 13]
2010-12-26 23:09:05 Notice: Notice (8): Undefined variable: html in [/Users/Jonathan/workspace/jonathansilva.maranata/public_html/app/controllers/soon_controller.php, line 15]
2010-12-26 23:09:05 Notice: Notice (8): Undefined variable: html in [/Users/Jonathan/workspace/jonathansilva.maranata/public_html/app/controllers/soon_controller.php, line 15]
2010-12-26 23:09:05 Notice: Notice (8): Undefined variable: html in [/Users/Jonathan/workspace/jonathansilva.maranata/public_html/app/controllers/soon_controller.php, line 15]
2010-12-26 23:09:06 Notice: Notice (8): Undefined variable: html in [/Users/Jonathan/workspace/jonathansilva.maranata/public_html/app/controllers/soon_controller.php, line 15]
2010-12-26 23:09:21 Notice: Notice (8): Undefined variable: html in [/Users/Jonathan/workspace/jonathansilva.maranata/public_html/app/controllers/soon_controller.php, line 15]
2010-12-26 23:09:21 Notice: Notice (8): Undefined variable: html in [/Users/Jonathan/workspace/jonathansilva.maranata/public_html/app/controllers/soon_controller.php, line 15]
2010-12-26 23:09:22 Notice: Notice (8): Undefined variable: html in [/Users/Jonathan/workspace/jonathansilva.maranata/public_html/app/controllers/soon_controller.php, line 15]
2010-12-26 23:09:25 Notice: Notice (8): Undefined variable: html in [/Users/Jonathan/workspace/jonathansilva.maranata/public_html/app/controllers/soon_controller.php, line 15]
2010-12-26 23:09:45 Notice: Notice (8): Undefined variable: javascript in [/Users/Jonathan/workspace/jonathansilva.maranata/public_html/app/controllers/soon_controller.php, line 16]
2010-12-26 23:11:44 Notice: Notice (8): Undefined variable: assets in [/Users/Jonathan/workspace/jonathansilva.maranata/public_html/app/views/layouts/default.ctp, line 6]
2010-12-26 23:11:44 Notice: Notice (8): Trying to get property of non-object in [/Users/Jonathan/workspace/jonathansilva.maranata/public_html/app/views/layouts/default.ctp, line 6]
2010-12-26 23:22:32 Notice: Notice (8): Undefined variable: js in [/Users/Jonathan/workspace/jonathansilva.maranata/public_html/app/views/soon/soon.ctp, line 3]
2010-12-26 23:27:34 Notice: Notice (8): Undefined variable: asset in [/Users/Jonathan/workspace/jonathansilva.maranata/public_html/app/views/layouts/default.ctp, line 6]
2010-12-26 23:41:01 Notice: Notice (8): Undefined variable: html in [/Users/Jonathan/workspace/jonathansilva.maranata/public_html/app/controllers/soon_controller.php, line 12]
2010-12-26 23:41:02 Notice: Notice (8): Undefined variable: html in [/Users/Jonathan/workspace/jonathansilva.maranata/public_html/app/controllers/soon_controller.php, line 12]
2010-12-26 23:41:03 Notice: Notice (8): Undefined variable: html in [/Users/Jonathan/workspace/jonathansilva.maranata/public_html/app/controllers/soon_controller.php, line 12]
2010-12-26 23:41:10 Notice: Notice (8): Undefined property: SoonController::$html in [/Users/Jonathan/workspace/jonathansilva.maranata/public_html/app/controllers/soon_controller.php, line 12]
2010-12-26 23:41:10 Notice: Notice (8): Undefined property: SoonController::$html in [/Users/Jonathan/workspace/jonathansilva.maranata/public_html/app/controllers/soon_controller.php, line 12]
2010-12-26 23:41:35 Notice: Notice (8): Undefined variable: html in [/Users/Jonathan/workspace/jonathansilva.maranata/public_html/app/controllers/soon_controller.php, line 14]
2010-12-26 23:41:36 Notice: Notice (8): Undefined variable: html in [/Users/Jonathan/workspace/jonathansilva.maranata/public_html/app/controllers/soon_controller.php, line 14]
2010-12-26 23:41:36 Notice: Notice (8): Undefined variable: html in [/Users/Jonathan/workspace/jonathansilva.maranata/public_html/app/controllers/soon_controller.php, line 14]
2010-12-26 23:41:36 Notice: Notice (8): Undefined variable: html in [/Users/Jonathan/workspace/jonathansilva.maranata/public_html/app/controllers/soon_controller.php, line 14]
2010-12-26 23:42:17 Notice: Notice (8): Undefined variable: html in [/Users/Jonathan/workspace/jonathansilva.maranata/public_html/app/controllers/soon_controller.php, line 14]
2010-12-26 23:53:34 Notice: Notice (8): Undefined variable: html in [/Users/Jonathan/workspace/jonathansilva.maranata/public_html/app/controllers/soon_controller.php, line 14]
2010-12-26 23:59:36 Notice: Notice (8): Undefined variable: styles_for_layout in [/Users/Jonathan/workspace/jonathansilva.maranata/public_html/app/views/layouts/default.ctp, line 7]
2010-12-27 00:00:10 Notice: Notice (8): Undefined variable: styles_for_layout in [/Users/Jonathan/workspace/jonathansilva.maranata/public_html/app/views/layouts/default.ctp, line 7]
2010-12-27 00:00:12 Notice: Notice (8): Undefined variable: styles_for_layout in [/Users/Jonathan/workspace/jonathansilva.maranata/public_html/app/views/layouts/default.ctp, line 7]
2010-12-27 00:00:12 Notice: Notice (8): Undefined variable: styles_for_layout in [/Users/Jonathan/workspace/jonathansilva.maranata/public_html/app/views/layouts/default.ctp, line 7]
2010-12-27 00:00:13 Notice: Notice (8): Undefined variable: styles_for_layout in [/Users/Jonathan/workspace/jonathansilva.maranata/public_html/app/views/layouts/default.ctp, line 7]
2010-12-27 00:00:13 Notice: Notice (8): Undefined variable: styles_for_layout in [/Users/Jonathan/workspace/jonathansilva.maranata/public_html/app/views/layouts/default.ctp, line 7]
2010-12-27 00:00:13 Notice: Notice (8): Undefined variable: styles_for_layout in [/Users/Jonathan/workspace/jonathansilva.maranata/public_html/app/views/layouts/default.ctp, line 7]
2010-12-27 00:00:21 Notice: Notice (8): Undefined variable: styles_for_layout in [/Users/Jonathan/workspace/jonathansilva.maranata/public_html/app/views/layouts/default.ctp, line 7]
2010-12-27 00:50:36 Notice: Notice (8): Undefined property: SoonController::$Html in [/Users/Jonathan/workspace/jonathansilva.maranata/public_html/app/controllers/soon_controller.php, line 17]
2010-12-27 00:50:42 Notice: Notice (8): Undefined property: SoonController::$html in [/Users/Jonathan/workspace/jonathansilva.maranata/public_html/app/controllers/soon_controller.php, line 17]
2010-12-27 00:50:49 Notice: Notice (8): Undefined variable: html in [/Users/Jonathan/workspace/jonathansilva.maranata/public_html/app/controllers/soon_controller.php, line 17]
2010-12-27 00:50:50 Notice: Notice (8): Undefined variable: html in [/Users/Jonathan/workspace/jonathansilva.maranata/public_html/app/controllers/soon_controller.php, line 17]
2010-12-27 00:51:49 Notice: Notice (8): Undefined property: SoonController::$html in [/Users/Jonathan/workspace/jonathansilva.maranata/public_html/app/controllers/soon_controller.php, line 18]
2010-12-27 00:52:01 Notice: Notice (8): Undefined property: SoonController::$html in [/Users/Jonathan/workspace/jonathansilva.maranata/public_html/app/controllers/soon_controller.php, line 18]
2010-12-27 00:52:02 Notice: Notice (8): Undefined property: SoonController::$html in [/Users/Jonathan/workspace/jonathansilva.maranata/public_html/app/controllers/soon_controller.php, line 18]
2010-12-27 00:52:14 Notice: Notice (8): Undefined variable: Html in [/Users/Jonathan/workspace/jonathansilva.maranata/public_html/app/controllers/soon_controller.php, line 18]
2010-12-27 00:52:15 Notice: Notice (8): Undefined variable: Html in [/Users/Jonathan/workspace/jonathansilva.maranata/public_html/app/controllers/soon_controller.php, line 18]
2010-12-27 00:52:30 Notice: Notice (8): Undefined property: SoonController::$html in [/Users/Jonathan/workspace/jonathansilva.maranata/public_html/app/controllers/soon_controller.php, line 18]
2010-12-27 00:52:43 Notice: Notice (8): Undefined property: SoonController::$Html in [/Users/Jonathan/workspace/jonathansilva.maranata/public_html/app/controllers/soon_controller.php, line 18]
2010-12-27 01:05:31 Notice: Notice (8): Undefined variable: path in [/Users/Jonathan/workspace/jonathansilva.maranata/public_html/cake/libs/view/helper.php, line 247]
2010-12-27 01:05:31 Notice: Notice (8): Undefined variable: path in [/Users/Jonathan/workspace/jonathansilva.maranata/public_html/cake/libs/view/helper.php, line 266]
2010-12-27 01:05:31 Notice: Notice (8): Undefined variable: path in [/Users/Jonathan/workspace/jonathansilva.maranata/public_html/cake/libs/view/helper.php, line 247]
2010-12-27 01:05:31 Notice: Notice (8): Undefined variable: path in [/Users/Jonathan/workspace/jonathansilva.maranata/public_html/cake/libs/view/helper.php, line 266]
2010-12-27 01:06:03 Notice: Notice (8): Undefined variable: path in [/Users/Jonathan/workspace/jonathansilva.maranata/public_html/cake/libs/view/helper.php, line 247]
2010-12-27 01:06:03 Notice: Notice (8): Undefined variable: path in [/Users/Jonathan/workspace/jonathansilva.maranata/public_html/cake/libs/view/helper.php, line 266]
2010-12-27 01:06:03 Notice: Notice (8): Undefined variable: path in [/Users/Jonathan/workspace/jonathansilva.maranata/public_html/cake/libs/view/helper.php, line 247]
2010-12-27 01:06:03 Notice: Notice (8): Undefined variable: path in [/Users/Jonathan/workspace/jonathansilva.maranata/public_html/cake/libs/view/helper.php, line 266]
2010-12-27 01:06:04 Notice: Notice (8): Undefined variable: path in [/Users/Jonathan/workspace/jonathansilva.maranata/public_html/cake/libs/view/helper.php, line 247]
2010-12-27 01:06:04 Notice: Notice (8): Undefined variable: path in [/Users/Jonathan/workspace/jonathansilva.maranata/public_html/cake/libs/view/helper.php, line 266]
2010-12-27 01:06:04 Notice: Notice (8): Undefined variable: path in [/Users/Jonathan/workspace/jonathansilva.maranata/public_html/cake/libs/view/helper.php, line 247]
2010-12-27 01:06:04 Notice: Notice (8): Undefined variable: path in [/Users/Jonathan/workspace/jonathansilva.maranata/public_html/cake/libs/view/helper.php, line 266]
2010-12-27 01:27:09 Notice: Notice (8): Undefined variable: type in [/Users/Jonathan/workspace/jonathansilva.maranata/public_html/app/views/helpers/combinator.php, line 42]
2010-12-27 01:27:09 Notice: Notice (8): Undefined variable: type in [/Users/Jonathan/workspace/jonathansilva.maranata/public_html/app/views/helpers/combinator.php, line 45]
2010-12-27 01:27:09 Notice: Notice (8): Undefined variable: combinator in [/Users/Jonathan/workspace/jonathansilva.maranata/public_html/app/views/layouts/default.ctp, line 6]
2010-12-27 01:29:35 Notice: Notice (8): Undefined variable: combinator in [/Users/Jonathan/workspace/jonathansilva.maranata/public_html/app/controllers/soon_controller.php, line 15]
2010-12-27 01:30:12 Notice: Notice (8): Undefined variable: type in [/Users/Jonathan/workspace/jonathansilva.maranata/public_html/app/views/helpers/combinator.php, line 42]
2010-12-27 01:30:12 Notice: Notice (8): Undefined variable: type in [/Users/Jonathan/workspace/jonathansilva.maranata/public_html/app/views/helpers/combinator.php, line 45]
2010-12-27 01:30:12 Notice: Notice (8): Undefined variable: combinator in [/Users/Jonathan/workspace/jonathansilva.maranata/public_html/app/controllers/soon_controller.php, line 21]
2010-12-27 01:30:13 Notice: Notice (8): Undefined variable: type in [/Users/Jonathan/workspace/jonathansilva.maranata/public_html/app/views/helpers/combinator.php, line 42]
2010-12-27 01:30:13 Notice: Notice (8): Undefined variable: type in [/Users/Jonathan/workspace/jonathansilva.maranata/public_html/app/views/helpers/combinator.php, line 45]
2010-12-27 01:30:13 Notice: Notice (8): Undefined variable: combinator in [/Users/Jonathan/workspace/jonathansilva.maranata/public_html/app/controllers/soon_controller.php, line 21]
2010-12-27 01:31:59 Notice: Notice (8): Undefined variable: type in [/Users/Jonathan/workspace/jonathansilva.maranata/public_html/app/views/helpers/combinator.php, line 42]
2010-12-27 01:31:59 Notice: Notice (8): Undefined variable: type in [/Users/Jonathan/workspace/jonathansilva.maranata/public_html/app/views/helpers/combinator.php, line 45]
2010-12-27 01:31:59 Notice: Notice (8): Undefined variable: combinator in [/Users/Jonathan/workspace/jonathansilva.maranata/public_html/app/controllers/soon_controller.php, line 21]
2010-12-27 01:32:10 Notice: Notice (8): Undefined variable: type in [/Users/Jonathan/workspace/jonathansilva.maranata/public_html/app/views/helpers/combinator.php, line 42]
2010-12-27 01:32:10 Notice: Notice (8): Undefined variable: type in [/Users/Jonathan/workspace/jonathansilva.maranata/public_html/app/views/helpers/combinator.php, line 45]
2010-12-27 01:32:33 Notice: Notice (8): Undefined variable: type in [/Users/Jonathan/workspace/jonathansilva.maranata/public_html/app/views/helpers/combinator.php, line 42]
2010-12-27 01:32:33 Notice: Notice (8): Undefined variable: type in [/Users/Jonathan/workspace/jonathansilva.maranata/public_html/app/views/helpers/combinator.php, line 45]
2010-12-27 01:32:33 Notice: Notice (8): Undefined variable: combinator in [/Users/Jonathan/workspace/jonathansilva.maranata/public_html/app/views/layouts/default.ctp, line 6]
2010-12-27 01:32:45 Notice: Notice (8): Undefined variable: type in [/Users/Jonathan/workspace/jonathansilva.maranata/public_html/app/views/helpers/combinator.php, line 42]
2010-12-27 01:32:45 Notice: Notice (8): Undefined variable: type in [/Users/Jonathan/workspace/jonathansilva.maranata/public_html/app/views/helpers/combinator.php, line 45]
2010-12-27 01:33:27 Notice: Notice (8): Undefined variable: combinator in [/Users/Jonathan/workspace/jonathansilva.maranata/public_html/app/views/layouts/default.ctp, line 6]
2010-12-27 01:33:28 Notice: Notice (8): Undefined variable: combinator in [/Users/Jonathan/workspace/jonathansilva.maranata/public_html/app/views/layouts/default.ctp, line 6]
2010-12-27 01:33:29 Notice: Notice (8): Undefined variable: combinator in [/Users/Jonathan/workspace/jonathansilva.maranata/public_html/app/views/layouts/default.ctp, line 6]
2010-12-27 01:34:51 Notice: Notice (8): Undefined variable: combinator in [/Users/Jonathan/workspace/jonathansilva.maranata/public_html/app/views/layouts/default.ctp, line 6]
2010-12-27 01:51:10 Notice: Notice (8): Undefined variable: combinator in [/Users/Jonathan/workspace/jonathansilva.maranata/public_html/app/views/layouts/default.ctp, line 6]
2010-12-27 01:51:20 Notice: Notice (8): Undefined variable: combinator in [/Users/Jonathan/workspace/jonathansilva.maranata/public_html/app/views/layouts/default.ctp, line 6]
2010-12-27 02:00:55 Notice: Notice (8): Undefined variable: type in [/Users/Jonathan/workspace/jonathansilva.maranata/public_html/app/views/helpers/combinator.php, line 42]
2010-12-27 02:00:55 Notice: Notice (8): Undefined variable: type in [/Users/Jonathan/workspace/jonathansilva.maranata/public_html/app/views/helpers/combinator.php, line 45]
2010-12-27 02:05:27 Notice: Notice (8): Undefined variable: combinator in [/Users/Jonathan/workspace/jonathansilva.maranata/public_html/app/views/layouts/default.ctp, line 3]
2010-12-27 02:06:18 Notice: Notice (8): Undefined variable: combinator in [/Users/Jonathan/workspace/jonathansilva.maranata/public_html/app/views/layouts/default.ctp, line 3]
2010-12-27 02:06:48 Notice: Notice (8): Undefined variable: combinator in [/Users/Jonathan/workspace/jonathansilva.maranata/public_html/app/views/layouts/default.ctp, line 3]
2010-12-27 02:07:25 Notice: Notice (8): Undefined variable: combinator in [/Users/Jonathan/workspace/jonathansilva.maranata/public_html/app/views/layouts/default.ctp, line 3]
2010-12-27 02:07:26 Notice: Notice (8): Undefined variable: combinator in [/Users/Jonathan/workspace/jonathansilva.maranata/public_html/app/views/layouts/default.ctp, line 3]
2010-12-27 02:08:08 Notice: Notice (8): Undefined index: compression in [/Users/Jonathan/workspace/jonathansilva.maranata/public_html/app/views/helpers/combinator.php, line 129]
2010-12-27 02:08:08 Notice: Notice (8): Undefined variable: combinator in [/Users/Jonathan/workspace/jonathansilva.maranata/public_html/app/views/layouts/default.ctp, line 3]
2010-12-27 12:43:46 Notice: Notice (8): Undefined variable: combinator in [/Users/Jonathan/workspace/jonathansilva.maranata/public_html/app/views/layouts/default.ctp, line 3]
2010-12-27 12:50:19 Notice: Notice (8): Undefined variable: combinator in [/Users/Jonathan/workspace/jonathansilva.maranata/public_html/app/views/layouts/default.ctp, line 3]
2010-12-27 12:53:51 Notice: Notice (8): Undefined variable: combinator in [/Users/Jonathan/workspace/jonathansilva.maranata/public_html/app/views/layouts/default.ctp, line 3]
2010-12-27 12:55:33 Notice: Notice (8): Undefined variable: combinator in [/Users/Jonathan/workspace/jonathansilva.maranata/public_html/app/views/layouts/default.ctp, line 3]
2010-12-27 12:56:30 Notice: Notice (8): Undefined variable: combinator in [/Users/Jonathan/workspace/jonathansilva.maranata/public_html/app/views/layouts/default.ctp, line 3]
2010-12-27 12:58:54 Notice: Notice (8): Undefined variable: combinator in [/Users/Jonathan/workspace/jonathansilva.maranata/public_html/app/views/layouts/default.ctp, line 3]
2010-12-27 12:58:55 Notice: Notice (8): Undefined variable: combinator in [/Users/Jonathan/workspace/jonathansilva.maranata/public_html/app/views/layouts/default.ctp, line 3]
2010-12-27 12:58:57 Notice: Notice (8): Undefined variable: combinator in [/Users/Jonathan/workspace/jonathansilva.maranata/public_html/app/views/layouts/default.ctp, line 3]
2010-12-27 13:00:28 Notice: Notice (8): Undefined variable: combinator in [/Users/Jonathan/workspace/jonathansilva.maranata/public_html/app/views/layouts/default.ctp, line 3]
2010-12-27 13:00:28 Notice: Notice (8): Undefined variable: combinator in [/Users/Jonathan/workspace/jonathansilva.maranata/public_html/app/views/layouts/default.ctp, line 3]
2010-12-27 13:00:29 Notice: Notice (8): Undefined variable: combinator in [/Users/Jonathan/workspace/jonathansilva.maranata/public_html/app/views/layouts/default.ctp, line 3]
2010-12-27 13:02:48 Notice: Notice (8): Undefined variable: combinator in [/Users/Jonathan/workspace/jonathansilva.maranata/public_html/app/views/layouts/default.ctp, line 3]
2010-12-27 13:02:49 Notice: Notice (8): Undefined variable: combinator in [/Users/Jonathan/workspace/jonathansilva.maranata/public_html/app/views/layouts/default.ctp, line 3]
2010-12-27 13:02:49 Notice: Notice (8): Undefined variable: combinator in [/Users/Jonathan/workspace/jonathansilva.maranata/public_html/app/views/layouts/default.ctp, line 3]
2010-12-27 13:02:50 Notice: Notice (8): Undefined variable: combinator in [/Users/Jonathan/workspace/jonathansilva.maranata/public_html/app/views/layouts/default.ctp, line 3]
2010-12-27 13:02:51 Notice: Notice (8): Undefined variable: combinator in [/Users/Jonathan/workspace/jonathansilva.maranata/public_html/app/views/layouts/default.ctp, line 3]
2010-12-27 13:02:55 Notice: Notice (8): Undefined variable: combinator in [/Users/Jonathan/workspace/jonathansilva.maranata/public_html/app/views/layouts/default.ctp, line 3]
2010-12-27 13:02:55 Notice: Notice (8): Undefined variable: combinator in [/Users/Jonathan/workspace/jonathansilva.maranata/public_html/app/views/layouts/default.ctp, line 3]
2010-12-27 13:02:55 Notice: Notice (8): Undefined variable: combinator in [/Users/Jonathan/workspace/jonathansilva.maranata/public_html/app/views/layouts/default.ctp, line 3]
2010-12-27 13:02:58 Notice: Notice (8): Undefined variable: combinator in [/Users/Jonathan/workspace/jonathansilva.maranata/public_html/app/views/layouts/default.ctp, line 3]
2010-12-27 13:03:01 Notice: Notice (8): Undefined variable: combinator in [/Users/Jonathan/workspace/jonathansilva.maranata/public_html/app/views/layouts/default.ctp, line 3]
2010-12-27 13:39:00 Notice: Notice (8): Undefined index: compression in [/Users/Jonathan/workspace/jonathansilva.maranata/public_html/app/views/helpers/combinator.php, line 129]
2010-12-27 13:39:24 Notice: Notice (8): Undefined index: compression in [/Users/Jonathan/workspace/jonathansilva.maranata/public_html/app/views/helpers/combinator.php, line 129]
2010-12-27 13:40:24 Notice: Notice (8): Undefined index: compression in [/Users/Jonathan/workspace/jonathansilva.maranata/public_html/app/views/helpers/combinator.php, line 129]
2010-12-27 13:41:57 Notice: Notice (8): Undefined index: compression in [/Users/Jonathan/workspace/jonathansilva.maranata/public_html/app/views/helpers/combinator.php, line 129]
2010-12-27 13:44:51 Notice: Notice (8): Undefined index: compression in [/Users/Jonathan/workspace/jonathansilva.maranata/public_html/app/views/helpers/combinator.php, line 129]
2010-12-27 13:45:13 Notice: Notice (8): Undefined index: compression in [/Users/Jonathan/workspace/jonathansilva.maranata/public_html/app/views/helpers/combinator.php, line 129]
2010-12-27 13:45:32 Notice: Notice (8): Undefined index: compression in [/Users/Jonathan/workspace/jonathansilva.maranata/public_html/app/views/helpers/combinator.php, line 129]
