2010-12-26 17:36:23 Warning: Warning (512): /Users/Jonathan/workspace/jonathansilva.maranata/public_html/app/tmp/cache/persistent/ is not writable in [/Users/Jonathan/workspace/jonathansilva.maranata/public_html/cake/libs/cache/file.php, line 267]
2010-12-26 17:36:23 Warning: Warning (512): /Users/Jonathan/workspace/jonathansilva.maranata/public_html/app/tmp/cache/models/ is not writable in [/Users/Jonathan/workspace/jonathansilva.maranata/public_html/cake/libs/cache/file.php, line 267]
2010-12-26 17:36:26 Warning: Warning (512): /Users/Jonathan/workspace/jonathansilva.maranata/public_html/app/tmp/cache/persistent/ is not writable in [/Users/Jonathan/workspace/jonathansilva.maranata/public_html/cake/libs/cache/file.php, line 267]
2010-12-26 17:36:26 Warning: Warning (512): /Users/Jonathan/workspace/jonathansilva.maranata/public_html/app/tmp/cache/models/ is not writable in [/Users/Jonathan/workspace/jonathansilva.maranata/public_html/cake/libs/cache/file.php, line 267]
2010-12-26 17:36:27 Warning: Warning (512): /Users/Jonathan/workspace/jonathansilva.maranata/public_html/app/tmp/cache/persistent/ is not writable in [/Users/Jonathan/workspace/jonathansilva.maranata/public_html/cake/libs/cache/file.php, line 267]
2010-12-26 17:36:27 Warning: Warning (512): /Users/Jonathan/workspace/jonathansilva.maranata/public_html/app/tmp/cache/models/ is not writable in [/Users/Jonathan/workspace/jonathansilva.maranata/public_html/cake/libs/cache/file.php, line 267]
2010-12-26 19:07:20 Warning: Warning (2): Attempt to assign property of non-object in [/Users/Jonathan/workspace/jonathansilva.maranata/public_html/app/controllers/soon_controller.php, line 11]
2010-12-26 23:12:15 Warning: Warning (512): Method AssetHelper:: does not exist in [/Users/Jonathan/workspace/jonathansilva.maranata/public_html/cake/libs/view/helper.php, line 154]
2010-12-26 23:12:16 Warning: Warning (512): Method AssetHelper:: does not exist in [/Users/Jonathan/workspace/jonathansilva.maranata/public_html/cake/libs/view/helper.php, line 154]
2010-12-26 23:12:16 Warning: Warning (512): Method AssetHelper:: does not exist in [/Users/Jonathan/workspace/jonathansilva.maranata/public_html/cake/libs/view/helper.php, line 154]
2010-12-26 23:12:16 Warning: Warning (512): Method AssetHelper:: does not exist in [/Users/Jonathan/workspace/jonathansilva.maranata/public_html/cake/libs/view/helper.php, line 154]
2010-12-26 23:12:16 Warning: Warning (512): Method AssetHelper:: does not exist in [/Users/Jonathan/workspace/jonathansilva.maranata/public_html/cake/libs/view/helper.php, line 154]
2010-12-26 23:12:16 Warning: Warning (512): Method AssetHelper:: does not exist in [/Users/Jonathan/workspace/jonathansilva.maranata/public_html/cake/libs/view/helper.php, line 154]
2010-12-26 23:12:16 Warning: Warning (512): Method AssetHelper:: does not exist in [/Users/Jonathan/workspace/jonathansilva.maranata/public_html/cake/libs/view/helper.php, line 154]
2010-12-26 23:12:17 Warning: Warning (512): Method AssetHelper:: does not exist in [/Users/Jonathan/workspace/jonathansilva.maranata/public_html/cake/libs/view/helper.php, line 154]
2010-12-26 23:12:47 Warning: Warning (512): Method AssetHelper:: does not exist in [/Users/Jonathan/workspace/jonathansilva.maranata/public_html/cake/libs/view/helper.php, line 154]
2010-12-26 23:13:09 Warning: Warning (512): Method AssetHelper:: does not exist in [/Users/Jonathan/workspace/jonathansilva.maranata/public_html/cake/libs/view/helper.php, line 154]
2010-12-26 23:13:10 Warning: Warning (512): Method AssetHelper:: does not exist in [/Users/Jonathan/workspace/jonathansilva.maranata/public_html/cake/libs/view/helper.php, line 154]
2010-12-26 23:13:10 Warning: Warning (512): Method AssetHelper:: does not exist in [/Users/Jonathan/workspace/jonathansilva.maranata/public_html/cake/libs/view/helper.php, line 154]
2010-12-26 23:13:10 Warning: Warning (512): Method AssetHelper:: does not exist in [/Users/Jonathan/workspace/jonathansilva.maranata/public_html/cake/libs/view/helper.php, line 154]
2010-12-26 23:13:48 Warning: Warning (512): Method AssetHelper:: does not exist in [/Users/Jonathan/workspace/jonathansilva.maranata/public_html/cake/libs/view/helper.php, line 154]
2010-12-26 23:13:49 Warning: Warning (512): Method AssetHelper:: does not exist in [/Users/Jonathan/workspace/jonathansilva.maranata/public_html/cake/libs/view/helper.php, line 154]
2010-12-26 23:13:49 Warning: Warning (512): Method AssetHelper:: does not exist in [/Users/Jonathan/workspace/jonathansilva.maranata/public_html/cake/libs/view/helper.php, line 154]
2010-12-26 23:13:49 Warning: Warning (512): Method AssetHelper:: does not exist in [/Users/Jonathan/workspace/jonathansilva.maranata/public_html/cake/libs/view/helper.php, line 154]
2010-12-26 23:13:49 Warning: Warning (512): Method AssetHelper:: does not exist in [/Users/Jonathan/workspace/jonathansilva.maranata/public_html/cake/libs/view/helper.php, line 154]
2010-12-26 23:13:49 Warning: Warning (512): Method AssetHelper:: does not exist in [/Users/Jonathan/workspace/jonathansilva.maranata/public_html/cake/libs/view/helper.php, line 154]
2010-12-26 23:13:50 Warning: Warning (512): Method AssetHelper:: does not exist in [/Users/Jonathan/workspace/jonathansilva.maranata/public_html/cake/libs/view/helper.php, line 154]
2010-12-26 23:13:50 Warning: Warning (512): Method AssetHelper:: does not exist in [/Users/Jonathan/workspace/jonathansilva.maranata/public_html/cake/libs/view/helper.php, line 154]
2010-12-26 23:54:22 Warning: Warning (512): Method AssetHelper::styles_for_layout does not exist in [/Users/Jonathan/workspace/jonathansilva.maranata/public_html/cake/libs/view/helper.php, line 154]
2010-12-26 23:54:39 Warning: Warning (512): Method AssetHelper::styles_for_layout does not exist in [/Users/Jonathan/workspace/jonathansilva.maranata/public_html/cake/libs/view/helper.php, line 154]
2010-12-26 23:54:39 Warning: Warning (512): Method AssetHelper::styles_for_layout does not exist in [/Users/Jonathan/workspace/jonathansilva.maranata/public_html/cake/libs/view/helper.php, line 154]
2010-12-26 23:54:39 Warning: Warning (512): Method AssetHelper::styles_for_layout does not exist in [/Users/Jonathan/workspace/jonathansilva.maranata/public_html/cake/libs/view/helper.php, line 154]
2010-12-26 23:54:39 Warning: Warning (512): Method AssetHelper::styles_for_layout does not exist in [/Users/Jonathan/workspace/jonathansilva.maranata/public_html/cake/libs/view/helper.php, line 154]
2010-12-26 23:54:40 Warning: Warning (512): Method AssetHelper::styles_for_layout does not exist in [/Users/Jonathan/workspace/jonathansilva.maranata/public_html/cake/libs/view/helper.php, line 154]
2010-12-26 23:54:40 Warning: Warning (512): Method AssetHelper::styles_for_layout does not exist in [/Users/Jonathan/workspace/jonathansilva.maranata/public_html/cake/libs/view/helper.php, line 154]
2010-12-26 23:54:40 Warning: Warning (512): Method AssetHelper::styles_for_layout does not exist in [/Users/Jonathan/workspace/jonathansilva.maranata/public_html/cake/libs/view/helper.php, line 154]
2010-12-26 23:54:40 Warning: Warning (512): Method AssetHelper::styles_for_layout does not exist in [/Users/Jonathan/workspace/jonathansilva.maranata/public_html/cake/libs/view/helper.php, line 154]
2010-12-27 01:05:31 Warning: Warning (2): Missing argument 1 for Helper::assetTimestamp(), called in /Users/Jonathan/workspace/jonathansilva.maranata/public_html/app/controllers/soon_controller.php on line 15 and defined in [/Users/Jonathan/workspace/jonathansilva.maranata/public_html/cake/libs/view/helper.php, line 242]
2010-12-27 01:05:31 Warning: Warning (2): Missing argument 1 for Helper::assetTimestamp(), called in /Users/Jonathan/workspace/jonathansilva.maranata/public_html/app/controllers/soon_controller.php on line 15 and defined in [/Users/Jonathan/workspace/jonathansilva.maranata/public_html/cake/libs/view/helper.php, line 242]
2010-12-27 01:06:03 Warning: Warning (2): Missing argument 1 for Helper::assetTimestamp(), called in /Users/Jonathan/workspace/jonathansilva.maranata/public_html/app/controllers/soon_controller.php on line 16 and defined in [/Users/Jonathan/workspace/jonathansilva.maranata/public_html/cake/libs/view/helper.php, line 242]
2010-12-27 01:06:03 Warning: Warning (2): Missing argument 1 for Helper::assetTimestamp(), called in /Users/Jonathan/workspace/jonathansilva.maranata/public_html/app/controllers/soon_controller.php on line 16 and defined in [/Users/Jonathan/workspace/jonathansilva.maranata/public_html/cake/libs/view/helper.php, line 242]
2010-12-27 01:06:04 Warning: Warning (2): Missing argument 1 for Helper::assetTimestamp(), called in /Users/Jonathan/workspace/jonathansilva.maranata/public_html/app/controllers/soon_controller.php on line 16 and defined in [/Users/Jonathan/workspace/jonathansilva.maranata/public_html/cake/libs/view/helper.php, line 242]
2010-12-27 01:06:04 Warning: Warning (2): Missing argument 1 for Helper::assetTimestamp(), called in /Users/Jonathan/workspace/jonathansilva.maranata/public_html/app/controllers/soon_controller.php on line 16 and defined in [/Users/Jonathan/workspace/jonathansilva.maranata/public_html/cake/libs/view/helper.php, line 242]
2010-12-27 01:27:09 Warning: Warning (2): Missing argument 1 for CombinatorHelper::scripts(), called in /Users/Jonathan/workspace/jonathansilva.maranata/public_html/app/views/layouts/default.ctp on line 6 and defined in [/Users/Jonathan/workspace/jonathansilva.maranata/public_html/app/views/helpers/combinator.php, line 40]
2010-12-27 01:27:09 Warning: Warning (2): mkdir() [<a href='http://php.net/function.mkdir'>function.mkdir</a>]: Permission denied in [/Users/Jonathan/workspace/jonathansilva.maranata/public_html/app/views/helpers/combinator.php, line 62]
2010-12-27 01:27:09 Warning: Warning (2): fopen(/Users/Jonathan/workspace/jonathansilva.maranata/public_html/app/webroot/js/cache-0-8e45cf3442778a75a15afb1feedc2d8e.js) [<a href='http://php.net/function.fopen'>function.fopen</a>]: failed to open stream: No such file or directory in [/Users/Jonathan/workspace/jonathansilva.maranata/public_html/app/views/helpers/combinator.php, line 102]
2010-12-27 01:27:09 Warning: Warning (2): fopen(/Users/Jonathan/workspace/jonathansilva.maranata/public_html/app/webroot/css/cache-0-8e45cf3442778a75a15afb1feedc2d8e.css) [<a href='http://php.net/function.fopen'>function.fopen</a>]: failed to open stream: Permission denied in [/Users/Jonathan/workspace/jonathansilva.maranata/public_html/app/views/helpers/combinator.php, line 137]
2010-12-27 01:30:12 Warning: Warning (2): Missing argument 1 for CombinatorHelper::scripts(), called in /Users/Jonathan/workspace/jonathansilva.maranata/public_html/app/views/layouts/default.ctp on line 6 and defined in [/Users/Jonathan/workspace/jonathansilva.maranata/public_html/app/views/helpers/combinator.php, line 40]
2010-12-27 01:30:12 Warning: Warning (2): mkdir() [<a href='http://php.net/function.mkdir'>function.mkdir</a>]: Permission denied in [/Users/Jonathan/workspace/jonathansilva.maranata/public_html/app/views/helpers/combinator.php, line 62]
2010-12-27 01:30:12 Warning: Warning (2): fopen(/Users/Jonathan/workspace/jonathansilva.maranata/public_html/app/webroot/js/cache-0-8e45cf3442778a75a15afb1feedc2d8e.js) [<a href='http://php.net/function.fopen'>function.fopen</a>]: failed to open stream: No such file or directory in [/Users/Jonathan/workspace/jonathansilva.maranata/public_html/app/views/helpers/combinator.php, line 102]
2010-12-27 01:30:12 Warning: Warning (2): fopen(/Users/Jonathan/workspace/jonathansilva.maranata/public_html/app/webroot/css/cache-0-8e45cf3442778a75a15afb1feedc2d8e.css) [<a href='http://php.net/function.fopen'>function.fopen</a>]: failed to open stream: Permission denied in [/Users/Jonathan/workspace/jonathansilva.maranata/public_html/app/views/helpers/combinator.php, line 137]
2010-12-27 01:30:13 Warning: Warning (2): Missing argument 1 for CombinatorHelper::scripts(), called in /Users/Jonathan/workspace/jonathansilva.maranata/public_html/app/views/layouts/default.ctp on line 6 and defined in [/Users/Jonathan/workspace/jonathansilva.maranata/public_html/app/views/helpers/combinator.php, line 40]
2010-12-27 01:30:13 Warning: Warning (2): mkdir() [<a href='http://php.net/function.mkdir'>function.mkdir</a>]: Permission denied in [/Users/Jonathan/workspace/jonathansilva.maranata/public_html/app/views/helpers/combinator.php, line 62]
2010-12-27 01:30:13 Warning: Warning (2): fopen(/Users/Jonathan/workspace/jonathansilva.maranata/public_html/app/webroot/js/cache-0-8e45cf3442778a75a15afb1feedc2d8e.js) [<a href='http://php.net/function.fopen'>function.fopen</a>]: failed to open stream: No such file or directory in [/Users/Jonathan/workspace/jonathansilva.maranata/public_html/app/views/helpers/combinator.php, line 102]
2010-12-27 01:30:13 Warning: Warning (2): fopen(/Users/Jonathan/workspace/jonathansilva.maranata/public_html/app/webroot/css/cache-0-8e45cf3442778a75a15afb1feedc2d8e.css) [<a href='http://php.net/function.fopen'>function.fopen</a>]: failed to open stream: Permission denied in [/Users/Jonathan/workspace/jonathansilva.maranata/public_html/app/views/helpers/combinator.php, line 137]
2010-12-27 01:31:59 Warning: Warning (2): Missing argument 1 for CombinatorHelper::scripts(), called in /Users/Jonathan/workspace/jonathansilva.maranata/public_html/app/views/layouts/default.ctp on line 6 and defined in [/Users/Jonathan/workspace/jonathansilva.maranata/public_html/app/views/helpers/combinator.php, line 40]
2010-12-27 01:31:59 Warning: Warning (2): mkdir() [<a href='http://php.net/function.mkdir'>function.mkdir</a>]: Permission denied in [/Users/Jonathan/workspace/jonathansilva.maranata/public_html/app/views/helpers/combinator.php, line 62]
2010-12-27 01:31:59 Warning: Warning (2): fopen(/Users/Jonathan/workspace/jonathansilva.maranata/public_html/app/webroot/js/cache-0-8e45cf3442778a75a15afb1feedc2d8e.js) [<a href='http://php.net/function.fopen'>function.fopen</a>]: failed to open stream: No such file or directory in [/Users/Jonathan/workspace/jonathansilva.maranata/public_html/app/views/helpers/combinator.php, line 102]
2010-12-27 01:31:59 Warning: Warning (2): fopen(/Users/Jonathan/workspace/jonathansilva.maranata/public_html/app/webroot/css/cache-0-8e45cf3442778a75a15afb1feedc2d8e.css) [<a href='http://php.net/function.fopen'>function.fopen</a>]: failed to open stream: Permission denied in [/Users/Jonathan/workspace/jonathansilva.maranata/public_html/app/views/helpers/combinator.php, line 137]
2010-12-27 01:32:10 Warning: Warning (2): Missing argument 1 for CombinatorHelper::scripts(), called in /Users/Jonathan/workspace/jonathansilva.maranata/public_html/app/views/layouts/default.ctp on line 6 and defined in [/Users/Jonathan/workspace/jonathansilva.maranata/public_html/app/views/helpers/combinator.php, line 40]
2010-12-27 01:32:10 Warning: Warning (2): mkdir() [<a href='http://php.net/function.mkdir'>function.mkdir</a>]: Permission denied in [/Users/Jonathan/workspace/jonathansilva.maranata/public_html/app/views/helpers/combinator.php, line 62]
2010-12-27 01:32:10 Warning: Warning (2): fopen(/Users/Jonathan/workspace/jonathansilva.maranata/public_html/app/webroot/js/cache-0-8e45cf3442778a75a15afb1feedc2d8e.js) [<a href='http://php.net/function.fopen'>function.fopen</a>]: failed to open stream: No such file or directory in [/Users/Jonathan/workspace/jonathansilva.maranata/public_html/app/views/helpers/combinator.php, line 102]
2010-12-27 01:32:10 Warning: Warning (2): fopen(/Users/Jonathan/workspace/jonathansilva.maranata/public_html/app/webroot/css/cache-0-8e45cf3442778a75a15afb1feedc2d8e.css) [<a href='http://php.net/function.fopen'>function.fopen</a>]: failed to open stream: Permission denied in [/Users/Jonathan/workspace/jonathansilva.maranata/public_html/app/views/helpers/combinator.php, line 137]
2010-12-27 01:32:33 Warning: Warning (2): Missing argument 1 for CombinatorHelper::scripts(), called in /Users/Jonathan/workspace/jonathansilva.maranata/public_html/app/views/layouts/default.ctp on line 6 and defined in [/Users/Jonathan/workspace/jonathansilva.maranata/public_html/app/views/helpers/combinator.php, line 40]
2010-12-27 01:32:33 Warning: Warning (2): mkdir() [<a href='http://php.net/function.mkdir'>function.mkdir</a>]: Permission denied in [/Users/Jonathan/workspace/jonathansilva.maranata/public_html/app/views/helpers/combinator.php, line 62]
2010-12-27 01:32:33 Warning: Warning (2): file_get_contents(/Users/Jonathan/workspace/jonathansilva.maranata/public_html/app/webroot/js//assets/javascript/asn.js) [<a href='http://php.net/function.file-get-contents'>function.file-get-contents</a>]: failed to open stream: No such file or directory in [/Users/Jonathan/workspace/jonathansilva.maranata/public_html/app/views/helpers/combinator.php, line 85]
2010-12-27 01:32:33 Warning: Warning (2): fopen(/Users/Jonathan/workspace/jonathansilva.maranata/public_html/app/webroot/js/cache-0-c21d8bc596a987e2d61811ec3798f0de.js) [<a href='http://php.net/function.fopen'>function.fopen</a>]: failed to open stream: No such file or directory in [/Users/Jonathan/workspace/jonathansilva.maranata/public_html/app/views/helpers/combinator.php, line 102]
2010-12-27 01:32:33 Warning: Warning (2): fopen(/Users/Jonathan/workspace/jonathansilva.maranata/public_html/app/webroot/css/cache-0-8e45cf3442778a75a15afb1feedc2d8e.css) [<a href='http://php.net/function.fopen'>function.fopen</a>]: failed to open stream: Permission denied in [/Users/Jonathan/workspace/jonathansilva.maranata/public_html/app/views/helpers/combinator.php, line 137]
2010-12-27 01:32:45 Warning: Warning (2): Missing argument 1 for CombinatorHelper::scripts(), called in /Users/Jonathan/workspace/jonathansilva.maranata/public_html/app/views/layouts/default.ctp on line 6 and defined in [/Users/Jonathan/workspace/jonathansilva.maranata/public_html/app/views/helpers/combinator.php, line 40]
2010-12-27 01:32:45 Warning: Warning (2): mkdir() [<a href='http://php.net/function.mkdir'>function.mkdir</a>]: Permission denied in [/Users/Jonathan/workspace/jonathansilva.maranata/public_html/app/views/helpers/combinator.php, line 62]
2010-12-27 01:32:45 Warning: Warning (2): file_get_contents(/Users/Jonathan/workspace/jonathansilva.maranata/public_html/app/webroot/js//assets/javascript/asn.js) [<a href='http://php.net/function.file-get-contents'>function.file-get-contents</a>]: failed to open stream: No such file or directory in [/Users/Jonathan/workspace/jonathansilva.maranata/public_html/app/views/helpers/combinator.php, line 85]
2010-12-27 01:32:45 Warning: Warning (2): fopen(/Users/Jonathan/workspace/jonathansilva.maranata/public_html/app/webroot/js/cache-0-c21d8bc596a987e2d61811ec3798f0de.js) [<a href='http://php.net/function.fopen'>function.fopen</a>]: failed to open stream: No such file or directory in [/Users/Jonathan/workspace/jonathansilva.maranata/public_html/app/views/helpers/combinator.php, line 102]
2010-12-27 01:32:45 Warning: Warning (2): fopen(/Users/Jonathan/workspace/jonathansilva.maranata/public_html/app/webroot/css/cache-0-8e45cf3442778a75a15afb1feedc2d8e.css) [<a href='http://php.net/function.fopen'>function.fopen</a>]: failed to open stream: Permission denied in [/Users/Jonathan/workspace/jonathansilva.maranata/public_html/app/views/helpers/combinator.php, line 137]
2010-12-27 01:33:27 Warning: Warning (2): mkdir() [<a href='http://php.net/function.mkdir'>function.mkdir</a>]: Permission denied in [/Users/Jonathan/workspace/jonathansilva.maranata/public_html/app/views/helpers/combinator.php, line 62]
2010-12-27 01:33:27 Warning: Warning (2): file_get_contents(/Users/Jonathan/workspace/jonathansilva.maranata/public_html/app/webroot/js//assets/javascript/asn.js) [<a href='http://php.net/function.file-get-contents'>function.file-get-contents</a>]: failed to open stream: No such file or directory in [/Users/Jonathan/workspace/jonathansilva.maranata/public_html/app/views/helpers/combinator.php, line 85]
2010-12-27 01:33:27 Warning: Warning (2): fopen(/Users/Jonathan/workspace/jonathansilva.maranata/public_html/app/webroot/js/cache-0-c21d8bc596a987e2d61811ec3798f0de.js) [<a href='http://php.net/function.fopen'>function.fopen</a>]: failed to open stream: No such file or directory in [/Users/Jonathan/workspace/jonathansilva.maranata/public_html/app/views/helpers/combinator.php, line 102]
2010-12-27 01:33:28 Warning: Warning (2): mkdir() [<a href='http://php.net/function.mkdir'>function.mkdir</a>]: Permission denied in [/Users/Jonathan/workspace/jonathansilva.maranata/public_html/app/views/helpers/combinator.php, line 62]
2010-12-27 01:33:28 Warning: Warning (2): file_get_contents(/Users/Jonathan/workspace/jonathansilva.maranata/public_html/app/webroot/js//assets/javascript/asn.js) [<a href='http://php.net/function.file-get-contents'>function.file-get-contents</a>]: failed to open stream: No such file or directory in [/Users/Jonathan/workspace/jonathansilva.maranata/public_html/app/views/helpers/combinator.php, line 85]
2010-12-27 01:33:28 Warning: Warning (2): fopen(/Users/Jonathan/workspace/jonathansilva.maranata/public_html/app/webroot/js/cache-0-c21d8bc596a987e2d61811ec3798f0de.js) [<a href='http://php.net/function.fopen'>function.fopen</a>]: failed to open stream: No such file or directory in [/Users/Jonathan/workspace/jonathansilva.maranata/public_html/app/views/helpers/combinator.php, line 102]
2010-12-27 01:33:29 Warning: Warning (2): mkdir() [<a href='http://php.net/function.mkdir'>function.mkdir</a>]: Permission denied in [/Users/Jonathan/workspace/jonathansilva.maranata/public_html/app/views/helpers/combinator.php, line 62]
2010-12-27 01:33:29 Warning: Warning (2): file_get_contents(/Users/Jonathan/workspace/jonathansilva.maranata/public_html/app/webroot/js//assets/javascript/asn.js) [<a href='http://php.net/function.file-get-contents'>function.file-get-contents</a>]: failed to open stream: No such file or directory in [/Users/Jonathan/workspace/jonathansilva.maranata/public_html/app/views/helpers/combinator.php, line 85]
2010-12-27 01:33:29 Warning: Warning (2): fopen(/Users/Jonathan/workspace/jonathansilva.maranata/public_html/app/webroot/js/cache-0-c21d8bc596a987e2d61811ec3798f0de.js) [<a href='http://php.net/function.fopen'>function.fopen</a>]: failed to open stream: No such file or directory in [/Users/Jonathan/workspace/jonathansilva.maranata/public_html/app/views/helpers/combinator.php, line 102]
2010-12-27 01:34:51 Warning: Warning (2): fopen(/Users/Jonathan/workspace/jonathansilva.maranata/public_html/app/webroot/js/cache-1279994925-e49713b2e064cdd291ecdba236078ac1.js) [<a href='http://php.net/function.fopen'>function.fopen</a>]: failed to open stream: Permission denied in [/Users/Jonathan/workspace/jonathansilva.maranata/public_html/app/views/helpers/combinator.php, line 102]
2010-12-27 02:00:55 Warning: Warning (2): Missing argument 1 for CombinatorHelper::scripts(), called in /Users/Jonathan/workspace/jonathansilva.maranata/public_html/app/views/layouts/default.ctp on line 6 and defined in [/Users/Jonathan/workspace/jonathansilva.maranata/public_html/app/views/helpers/combinator.php, line 40]
2010-12-27 02:08:08 Warning: Warning (2): file_get_contents() [<a href='http://php.net/function.file-get-contents'>function.file-get-contents</a>]: Filename cannot be empty in [/Users/Jonathan/workspace/jonathansilva.maranata/public_html/app/vendors/csstidy/class.csstidy.php, line 416]
2010-12-27 13:39:00 Warning: Warning (2): file_get_contents() [<a href='http://php.net/function.file-get-contents'>function.file-get-contents</a>]: Filename cannot be empty in [/Users/Jonathan/workspace/jonathansilva.maranata/public_html/app/vendors/csstidy/class.csstidy.php, line 416]
2010-12-27 13:39:24 Warning: Warning (2): file_get_contents() [<a href='http://php.net/function.file-get-contents'>function.file-get-contents</a>]: Filename cannot be empty in [/Users/Jonathan/workspace/jonathansilva.maranata/public_html/app/vendors/csstidy/class.csstidy.php, line 416]
2010-12-27 13:40:24 Warning: Warning (2): file_get_contents() [<a href='http://php.net/function.file-get-contents'>function.file-get-contents</a>]: Filename cannot be empty in [/Users/Jonathan/workspace/jonathansilva.maranata/public_html/app/vendors/csstidy/class.csstidy.php, line 416]
2010-12-27 13:41:57 Warning: Warning (2): file_get_contents() [<a href='http://php.net/function.file-get-contents'>function.file-get-contents</a>]: Filename cannot be empty in [/Users/Jonathan/workspace/jonathansilva.maranata/public_html/app/vendors/csstidy/class.csstidy.php, line 416]
2010-12-27 13:45:13 Warning: Warning (2): file_get_contents() [<a href='http://php.net/function.file-get-contents'>function.file-get-contents</a>]: Filename cannot be empty in [/Users/Jonathan/workspace/jonathansilva.maranata/public_html/app/vendors/csstidy/class.csstidy.php, line 416]
